[debug] [2021-07-28T16:13:44.511Z] ----------------------------------------------------------------------
[debug] [2021-07-28T16:13:44.517Z] Command:       C:\Program Files\nodejs\node.exe C:\Users\ANKIT MOHAPATRA\AppData\Roaming\npm\node_modules\firebase-tools\lib\bin\firebase.js init
[debug] [2021-07-28T16:13:44.517Z] CLI Version:   9.16.0
[debug] [2021-07-28T16:13:44.517Z] Platform:      win32
[debug] [2021-07-28T16:13:44.517Z] Node Version:  v14.17.3
[debug] [2021-07-28T16:13:44.519Z] Time:          Wed Jul 28 2021 21:43:44 GMT+0530 (India Standard Time)
[debug] [2021-07-28T16:13:44.519Z] ----------------------------------------------------------------------
[debug] 
[debug] [2021-07-28T16:13:44.526Z] > command requires scopes: ["email","openid","https://www.googleapis.com/auth/cloudplatformprojects.readonly","https://www.googleapis.com/auth/firebase","https://www.googleapis.com/auth/cloud-platform"]
[debug] [2021-07-28T16:13:44.526Z] > authorizing via signed-in user (Ankit.Mohapatra@outlook.com)
[info] 
     ######## #### ########  ######## ########     ###     ######  ########
     ##        ##  ##     ## ##       ##     ##  ##   ##  ##       ##
     ######    ##  ########  ######   ########  #########  ######  ######
     ##        ##  ##    ##  ##       ##     ## ##     ##       ## ##
     ##       #### ##     ## ######## ########  ##     ##  ######  ########

You're about to initialize a Firebase project in this directory:

  C:\Users\ANKIT MOHAPATRA\Desktop\JAVASCRIPT\ankitmohapatra.in

[info] 
=== Project Setup
[info] 
[info] First, let's associate this project directory with a Firebase project.
[info] You can create multiple project aliases by running firebase use --add, 
[info] but for now we'll just set up a default project.
[info] 
[debug] [2021-07-28T16:14:39.394Z] >>> [apiv2][query] GET https://firebase.googleapis.com/v1beta1/projects pageSize=100
[debug] [2021-07-28T16:14:40.105Z] <<< [apiv2][status] GET https://firebase.googleapis.com/v1beta1/projects 200
[debug] [2021-07-28T16:14:40.105Z] <<< [apiv2][body] GET https://firebase.googleapis.com/v1beta1/projects [omitted]
[info] i  Using project ankitmohapatra-740a2 (ankitMohapatra) 
[info] 
=== Hosting:github Setup
[info] 
[info] i  Didn't detect a .git folder. Assuming C:\Users\ANKIT MOHAPATRA\Desktop\JAVASCRIPT\ankitmohapatra.in is the project root. 
[info] i  Authorizing with GitHub to upload your service account to a GitHub repository's secrets store. 
[info] 
[info] Visit this URL on this device to log in:
[info] https://github.com/login/oauth/authorize?client_id=89cf50f02ac6aaed3484&state=1057833137&redirect_uri=http%3A%2F%2Flocalhost%3A9005&scope=read%3Auser%20repo%20public_repo
[info] 
[info] Waiting for authentication...
[debug] [2021-07-28T16:16:05.819Z] >>> HTTP REQUEST POST https://github.com/login/oauth/access_token  
 {"client_id":"89cf50f02ac6aaed3484","client_secret":"3330d14abc895d9a74d5f17cd7a00711fa2c5bf0","code":"e346ba1a57fc0869c03a","redirect_uri":"http://localhost:9005","state":"1057833137"}
[debug] [2021-07-28T16:16:06.375Z] <<< HTTP RESPONSE 200 {"server":"GitHub.com","date":"Wed, 28 Jul 2021 16:16:06 GMT","content-type":"application/json; charset=utf-8","transfer-encoding":"chunked","vary":"X-PJAX, Accept-Encoding, Accept, X-Requested-With","permissions-policy":"interest-cohort=()","etag":"W/\"dca22228a30677208cb144cc89caa943\"","cache-control":"max-age=0, private, must-revalidate","strict-transport-security":"max-age=31536000; includeSubdomains; preload","x-frame-options":"deny","x-content-type-options":"nosniff","x-xss-protection":"0","referrer-policy":"origin-when-cross-origin, strict-origin-when-cross-origin","expect-ct":"max-age=2592000, report-uri=\"https://api.github.com/_private/browser/errors\"","content-security-policy":"default-src 'none'; base-uri 'self'; block-all-mixed-content; connect-src 'self' uploads.github.com www.githubstatus.com collector.githubapp.com api.github.com github-cloud.s3.amazonaws.com github-production-repository-file-5c1aeb.s3.amazonaws.com github-production-upload-manifest-file-7fdce7.s3.amazonaws.com github-production-user-asset-6210df.s3.amazonaws.com cdn.optimizely.com logx.optimizely.com/v1/events translator.github.com wss://alive.github.com; font-src github.githubassets.com; form-action 'self' github.com gist.github.com; frame-ancestors 'none'; frame-src render.githubusercontent.com render-temp.githubusercontent.com viewscreen.githubusercontent.com; img-src 'self' data: github.githubassets.com identicons.github.com collector.githubapp.com github-cloud.s3.amazonaws.com secured-user-images.githubusercontent.com/ *.githubusercontent.com; manifest-src 'self'; media-src 'none'; script-src github.githubassets.com; style-src 'unsafe-inline' github.githubassets.com; worker-src github.com/socket-worker-3f088aa2.js gist.github.com/socket-worker-3f088aa2.js","x-github-request-id":"EBBD:697A:99971:A86D0:610182C6"}
[debug] [2021-07-28T16:16:06.384Z] >>> [apiv2][query] GET https://api.github.com/user [none]
[debug] [2021-07-28T16:16:06.942Z] <<< [apiv2][status] GET https://api.github.com/user 200
[debug] [2021-07-28T16:16:06.942Z] <<< [apiv2][body] GET https://api.github.com/user {"login":"ANKITMOHAPATRA-PROGRAMMER","id":78896518,"node_id":"MDQ6VXNlcjc4ODk2NTE4","avatar_url":"https://avatars.githubusercontent.com/u/78896518?v=4","gravatar_id":"","url":"https://api.github.com/users/ANKITMOHAPATRA-PROGRAMMER","html_url":"https://github.com/ANKITMOHAPATRA-PROGRAMMER","followers_url":"https://api.github.com/users/ANKITMOHAPATRA-PROGRAMMER/followers","following_url":"https://api.github.com/users/ANKITMOHAPATRA-PROGRAMMER/following{/other_user}","gists_url":"https://api.github.com/users/ANKITMOHAPATRA-PROGRAMMER/gists{/gist_id}","starred_url":"https://api.github.com/users/ANKITMOHAPATRA-PROGRAMMER/starred{/owner}{/repo}","subscriptions_url":"https://api.github.com/users/ANKITMOHAPATRA-PROGRAMMER/subscriptions","organizations_url":"https://api.github.com/users/ANKITMOHAPATRA-PROGRAMMER/orgs","repos_url":"https://api.github.com/users/ANKITMOHAPATRA-PROGRAMMER/repos","events_url":"https://api.github.com/users/ANKITMOHAPATRA-PROGRAMMER/events{/privacy}","received_events_url":"https://api.github.com/users/ANKITMOHAPATRA-PROGRAMMER/received_events","type":"User","site_admin":false,"name":null,"company":null,"blog":"","location":null,"email":null,"hireable":null,"bio":null,"twitter_username":null,"public_repos":2,"public_gists":0,"followers":0,"following":0,"created_at":"2021-02-11T06:10:32Z","updated_at":"2021-07-28T16:16:00Z","private_gists":0,"total_private_repos":0,"owned_private_repos":0,"disk_usage":44,"collaborators":0,"two_factor_authentication":false,"plan":{"name":"free","space":976562499,"collaborators":0,"private_repos":10000}}
[info] 
[info] +  Success! Logged into GitHub as ANKITMOHAPATRA-PROGRAMMER 
[info] 
